0 info it worked if it ends with ok
1 verbose cli [ 'node', '/usr/local/bin/npm', 'install', '-g', 'localtunnel' ]
2 info using npm@1.4.28
3 info using node@v0.10.35
4 verbose cache add [ 'localtunnel', null ]
5 verbose cache add name=undefined spec="localtunnel" args=["localtunnel",null]
6 verbose parsed url { protocol: null,
6 verbose parsed url   slashes: null,
6 verbose parsed url   auth: null,
6 verbose parsed url   host: null,
6 verbose parsed url   port: null,
6 verbose parsed url   hostname: null,
6 verbose parsed url   hash: null,
6 verbose parsed url   search: null,
6 verbose parsed url   query: null,
6 verbose parsed url   pathname: 'localtunnel',
6 verbose parsed url   path: 'localtunnel',
6 verbose parsed url   href: 'localtunnel' }
7 silly lockFile a0661bc8-localtunnel localtunnel
8 verbose lock localtunnel /Users/Clayton/.npm/a0661bc8-localtunnel.lock
9 silly lockFile a0661bc8-localtunnel localtunnel
10 silly lockFile a0661bc8-localtunnel localtunnel
11 verbose addNamed [ 'localtunnel', '' ]
12 verbose addNamed [ null, '*' ]
13 silly lockFile c752cf78-localtunnel localtunnel@
14 verbose lock localtunnel@ /Users/Clayton/.npm/c752cf78-localtunnel.lock
15 silly addNameRange { name: 'localtunnel', range: '*', hasData: false }
16 verbose request where is /localtunnel
17 verbose request registry https://registry.npmjs.org/
18 verbose request id 0e99053fc91cb9ba
19 verbose url raw /localtunnel
20 verbose url resolving [ 'https://registry.npmjs.org/', './localtunnel' ]
21 verbose url resolved https://registry.npmjs.org/localtunnel
22 verbose request where is https://registry.npmjs.org/localtunnel
23 info trying registry request attempt 1 at 16:29:17
24 verbose etag "17W6XMY1ENSSHTBT503AYRMP6"
25 http GET https://registry.npmjs.org/localtunnel
26 http 200 https://registry.npmjs.org/localtunnel
27 silly registry.get cb [ 200,
27 silly registry.get   { server: 'CouchDB/1.5.0 (Erlang OTP/R16B03)',
27 silly registry.get     etag: '"22CWURJO1Y27CXQIMU6BW5DNS"',
27 silly registry.get     'content-type': 'application/json',
27 silly registry.get     'cache-control': 'max-age=300',
27 silly registry.get     'content-length': '27921',
27 silly registry.get     'accept-ranges': 'bytes',
27 silly registry.get     date: 'Fri, 18 Mar 2016 20:29:17 GMT',
27 silly registry.get     via: '1.1 varnish',
27 silly registry.get     age: '280',
27 silly registry.get     connection: 'keep-alive',
27 silly registry.get     'x-served-by': 'cache-ord1739-ORD',
27 silly registry.get     'x-cache': 'HIT',
27 silly registry.get     'x-cache-hits': '1',
27 silly registry.get     'x-timer': 'S1458332957.947926,VS0,VE0',
27 silly registry.get     vary: 'Accept' } ]
28 silly addNameRange number 2 { name: 'localtunnel', range: '*', hasData: true }
29 silly addNameRange versions [ 'localtunnel',
29 silly addNameRange   [ '0.0.0',
29 silly addNameRange     '0.0.1',
29 silly addNameRange     '0.0.2',
29 silly addNameRange     '0.0.3',
29 silly addNameRange     '0.0.4',
29 silly addNameRange     '0.1.0',
29 silly addNameRange     '0.1.1',
29 silly addNameRange     '0.1.2',
29 silly addNameRange     '0.1.3',
29 silly addNameRange     '0.2.0',
29 silly addNameRange     '0.2.1',
29 silly addNameRange     '0.2.2',
29 silly addNameRange     '1.0.0',
29 silly addNameRange     '1.1.0',
29 silly addNameRange     '1.1.1',
29 silly addNameRange     '1.1.2',
29 silly addNameRange     '1.2.0',
29 silly addNameRange     '1.3.0',
29 silly addNameRange     '1.4.0',
29 silly addNameRange     '1.5.0',
29 silly addNameRange     '1.5.1',
29 silly addNameRange     '1.6.0',
29 silly addNameRange     '1.7.0',
29 silly addNameRange     '1.8.0',
29 silly addNameRange     '1.8.1' ] ]
30 verbose addNamed [ 'localtunnel', '1.8.1' ]
31 verbose addNamed [ '1.8.1', '1.8.1' ]
32 silly lockFile c9daa0d1-localtunnel-1-8-1 localtunnel@1.8.1
33 verbose lock localtunnel@1.8.1 /Users/Clayton/.npm/c9daa0d1-localtunnel-1-8-1.lock
34 silly lockFile c421e077-ocaltunnel-localtunnel-1-8-1-tgz https://registry.npmjs.org/localtunnel/-/localtunnel-1.8.1.tgz
35 verbose lock https://registry.npmjs.org/localtunnel/-/localtunnel-1.8.1.tgz /Users/Clayton/.npm/c421e077-ocaltunnel-localtunnel-1-8-1-tgz.lock
36 verbose addRemoteTarball [ 'https://registry.npmjs.org/localtunnel/-/localtunnel-1.8.1.tgz',
36 verbose addRemoteTarball   'd51b2bb7a7066afb05b57fc9db844015098f2e17' ]
37 info retry fetch attempt 1 at 16:29:17
38 verbose fetch to= /var/folders/k2/h3_mm5ps34d023q5sz2z85180000gn/T/npm-36047--v7rwqjr/registry.npmjs.org/localtunnel/-/localtunnel-1.8.1.tgz
39 http GET https://registry.npmjs.org/localtunnel/-/localtunnel-1.8.1.tgz
40 http 200 https://registry.npmjs.org/localtunnel/-/localtunnel-1.8.1.tgz
41 silly lockFile c421e077-ocaltunnel-localtunnel-1-8-1-tgz https://registry.npmjs.org/localtunnel/-/localtunnel-1.8.1.tgz
42 silly lockFile c421e077-ocaltunnel-localtunnel-1-8-1-tgz https://registry.npmjs.org/localtunnel/-/localtunnel-1.8.1.tgz
43 silly lockFile c9daa0d1-localtunnel-1-8-1 localtunnel@1.8.1
44 silly lockFile c9daa0d1-localtunnel-1-8-1 localtunnel@1.8.1
45 silly lockFile c752cf78-localtunnel localtunnel@
46 silly lockFile c752cf78-localtunnel localtunnel@
47 error Error: EACCES, mkdir '/Users/Clayton/.npm/localtunnel/1.8.1'
47 error  { [Error: EACCES, mkdir '/Users/Clayton/.npm/localtunnel/1.8.1']
47 error   errno: 3,
47 error   code: 'EACCES',
47 error   path: '/Users/Clayton/.npm/localtunnel/1.8.1' }
48 error Please try running this command again as root/Administrator.
49 error System Darwin 15.2.0
50 error command "node" "/usr/local/bin/npm" "install" "-g" "localtunnel"
51 error cwd /Users/Clayton/Documents/School/Systems Design/4B/SYDE_322/Assignment/Assignment_4
52 error node -v v0.10.35
53 error npm -v 1.4.28
54 error path /Users/Clayton/.npm/localtunnel/1.8.1
55 error code EACCES
56 error errno 3
57 error stack Error: EACCES, mkdir '/Users/Clayton/.npm/localtunnel/1.8.1'
58 verbose exit [ 3, true ]
